// Log of Currently Installed WeiDU Mods
// The top of the file is the 'oldest' mod
// ~TP2_File~ #language_number #component_number // [Subcomponent Name -> ] Component Name [ : Version]
~EEFIXPACK/SETUP-EEFIXPACK.TP2~ #3 #0 // Correctifs principaux: Alpha 2
~CORRECTFRBG2EE/CORRECTFRBG2EE.TP2~ #0 #10 // Correction de la traduction de Baldur's Gate II : Enhanced Edition: 0.23
~CORRECTFRBG2EE/CORRECTFRBG2EE.TP2~ #0 #20 // Patch audio et video francais: 0.23
~EET/EET.TP2~ #3 #0 // EET core (importation de ressource): v14.0
~TIPUN_GUI/TIPUN_GUI.TP2~ #2 #10 // Tipun's User Interface (main component): v2.1.3
~EEEX/EEEX.TP2~ #0 #0 // EEex: v0.11.0-alpha
~EEEX/EEEX.TP2~ #0 #1 // Experimental - Use LuaJIT (can help stuttering): v0.11.0-alpha
~EEEX/EEEX.TP2~ #0 #2 // Enable effect menu module - LShift-on-hover to view spells affecting creature: v0.11.0-alpha
~EEEX/EEEX.TP2~ #0 #3 // Enable empty container module - Highlight empty containers in gray instead of cyan: v0.11.0-alpha
~EEEX/EEEX.TP2~ #0 #4 // Enable hotkey module - Edit override/B3Hotkey.lua to create advanced spell hotkeys: v0.11.0-alpha
~EEEX/EEEX.TP2~ #0 #5 // Enable scale module - Customizable UI scaling factor: v0.11.0-alpha
~EEEX/EEEX.TP2~ #0 #6 // Enable time step module - Advance 1 game tick on keypress: v0.11.0-alpha
~EEEX/EEEX.TP2~ #0 #7 // Enable timer module - Visual indicators for modal actions, contingencies, and spell/item cooldowns: v0.11.0-alpha
~BUBB_SPELL_MENU_EXTENDED/BUBB_SPELL_MENU_EXTENDED.TP2~ #2 #0 // Bubb's Spell Menu Extended: v5.1
~HIDDENGAMEPLAYOPTIONS/HIDDENGAMEPLAYOPTIONS.TP2~ #1 #200 // Ecran de triche ameliore: 4.7
~HIDDENGAMEPLAYOPTIONS/HIDDENGAMEPLAYOPTIONS.TP2~ #1 #10 // Ajouter l'option de jeu "Activer le Mode de debogage": 4.7
~HIDDENGAMEPLAYOPTIONS/HIDDENGAMEPLAYOPTIONS.TP2~ #1 #11 // Ajouter l'option de jeu "Activer le mode de modification de l'interface utilisateur": 4.7
~HIDDENGAMEPLAYOPTIONS/HIDDENGAMEPLAYOPTIONS.TP2~ #1 #12 // Ajouter l'option de jeu "Afficher les numeros des textes": 4.7
~HIDDENGAMEPLAYOPTIONS/HIDDENGAMEPLAYOPTIONS.TP2~ #1 #13 // Ajouter l'option de jeu "Afficher les raccourcis clavier dans les bulles d'aide": 4.7
~HIDDENGAMEPLAYOPTIONS/HIDDENGAMEPLAYOPTIONS.TP2~ #1 #14 // Ajouter l'option de jeu "Afficher les icones de zone sensible avec la Tabulation": 4.7
~HIDDENGAMEPLAYOPTIONS/HIDDENGAMEPLAYOPTIONS.TP2~ #1 #16 // Ajouter l'option de jeu "Limiter les sorts de druide pour les Clercs/Rodeurs": 4.7
~HIDDENGAMEPLAYOPTIONS/HIDDENGAMEPLAYOPTIONS.TP2~ #1 #17 // Ajouter l'option de jeu "Attaque sournoise 3e Edition": 4.7
~HIDDENGAMEPLAYOPTIONS/HIDDENGAMEPLAYOPTIONS.TP2~ #1 #18 // Ajouter l'option de jeu "Secouer l'ecran en cas de coup critique": 4.7
~HIDDENGAMEPLAYOPTIONS/HIDDENGAMEPLAYOPTIONS.TP2~ #1 #19 // Ajouter l'option de jeu "Afficher les informations de combat supplementaires": 4.7
~HIDDENGAMEPLAYOPTIONS/HIDDENGAMEPLAYOPTIONS.TP2~ #1 #20 // Ajouter l'option de jeu "Afficher la date et l'heure du jeu lorsqu'il est en pause": 4.7
~HIDDENGAMEPLAYOPTIONS/HIDDENGAMEPLAYOPTIONS.TP2~ #1 #22 // Ajouter l'option de jeu "Inverser le zoom de la molette de la souris": 4.7
~HIDDENGAMEPLAYOPTIONS/HIDDENGAMEPLAYOPTIONS.TP2~ #1 #23 // Ajouter l'option de jeu "Mettre le jeu en pause dans l'ecran de la carte de la zone": 4.7
~HIDDENGAMEPLAYOPTIONS/HIDDENGAMEPLAYOPTIONS.TP2~ #1 #24 // Ajouter l'option de jeu "Activer le brouillard": 4.7
~HIDDENGAMEPLAYOPTIONS/HIDDENGAMEPLAYOPTIONS.TP2~ #1 #25 // Ajouter l'option de jeu "Desactiver les films": 4.7
~HIDDENGAMEPLAYOPTIONS/HIDDENGAMEPLAYOPTIONS.TP2~ #1 #27 // Ajouter l'option de jeu "Bonus d'experience en mode cauchemar": 4.7
~HIDDENGAMEPLAYOPTIONS/HIDDENGAMEPLAYOPTIONS.TP2~ #1 #28 // Ajouter l'option de jeu "Emettre des sons d'ennui": 4.7
~HIDDENGAMEPLAYOPTIONS/HIDDENGAMEPLAYOPTIONS.TP2~ #1 #29 // Ajouter l'option de jeu "Nombre d'images par seconde" (experimentale): 4.7
~HIDDENGAMEPLAYOPTIONS/HIDDENGAMEPLAYOPTIONS.TP2~ #1 #32 // Ajouter l'option de jeu "Afficher la portee des zones d'effet des sorts": 4.7
~HIDDENGAMEPLAYOPTIONS/HIDDENGAMEPLAYOPTIONS.TP2~ #1 #33 // Ajouter l'option de jeu "Recherche d'itineraire amelioree": 4.7
~HIDDENGAMEPLAYOPTIONS/HIDDENGAMEPLAYOPTIONS.TP2~ #1 #34 // Ajouter l'option de jeu "Faire disparaitre la surbrillance des pieges": 4.7
~HIDDENGAMEPLAYOPTIONS/HIDDENGAMEPLAYOPTIONS.TP2~ #1 #35 // Ajouter l'option de jeu "Afficher les sorts a apprendre": 4.7
~HIDDENGAMEPLAYOPTIONS/HIDDENGAMEPLAYOPTIONS.TP2~ #1 #36 // Ajouter l'option de jeu "Afficher la carte des deplacements": 4.7
~HIDDENGAMEPLAYOPTIONS/HIDDENGAMEPLAYOPTIONS.TP2~ #1 #37 // Ajouter l'option de jeu "Afficher la carte dynamique des obstacles": 4.7
~HIDDENGAMEPLAYOPTIONS/HIDDENGAMEPLAYOPTIONS.TP2~ #1 #39 // Ajouter l'option de jeu "Forcer la mise en pause des dialogues": 4.7
~KARATUR/SETUP-KARATUR.TP2~ #0 #0 // T'Was a Slow Boat from Kara-Tur: 2.0.2
~BLOODANDFAITH/BLOODANDFAITH.TP2~ #0 #0 // Blood and Faith Installation: 1.3
~BLACKHEARTS/SETUP-BLACKHEARTS.TP2~ #0 #1 // Install Blackhearts for "BGEE" or "EET including BGEE and BG2EE": v2.03
~GORGON/SETUP-GORGON.TP2~ #0 #0 // Install The Gorgon's Eye: v4.8
~GORGON/SETUP-GORGON.TP2~ #0 #1 // NPC Character Portraits -> Give portraits to all characters added from this mod: v4.8
~GORGON/SETUP-GORGON.TP2~ #0 #4 // Add More Pickpocketable Items: v4.8
~KIMNPC/KIMNPC.TP2~ #0 #0 // Kim pour BG2:SOA (ToB:requis), BGT, BG2EE et EET: v1.7
~KIMNPC/KIMNPC.TP2~ #0 #1 // Installation de la Hache Mystique d'Entropie reajustee (ajoute un jet de sauvegarde a -4 contre ses effets): v1.7
~ISHLILKAMOD/ISHLILKAMOD.TP2~ #0 #500 // Ishlilka mod for BGSoD and EET
~ISHLILKAMOD/ISHLILKAMOD.TP2~ #0 #547 // Deactivate first meeting cutscene
~VAMPIRETALES/VAMPIRETALES.TP2~ #2 #1 // Vampire Tales (Richiede Throne of Bhaal): v108
~VAMPIRETALES/VAMPIRETALES.TP2~ #2 #2 // Migliorato il Culto dell'Occhio Offuscato: v108
~VAMPIRETALES/VAMPIRETALES.TP2~ #2 #3 // Migliorato il Combattimento degli Arpisti: v108
~VAMPIRETALES/VAMPIRETALES.TP2~ #2 #4 // CoM Store 1: v108
~NIKITAREDUX/NIKITAREDUX.TP2~ #0 #0 // Nikita NPC Mod: v2.1
~NIKITAREDUX/NIKITAREDUX.TP2~ #0 #1 // Alternate portrait for Nikita: v2.1
~PLANARSPHEREMOD/SETUP-PLANARSPHEREMOD.TP2~ #0 #0 // PlanarSphereMod, main component: v2.9
~PLANARSPHEREMOD/SETUP-PLANARSPHEREMOD.TP2~ #0 #623 // Planar Sphere Store: v2.9
~PLANARSPHEREMOD/SETUP-PLANARSPHEREMOD.TP2~ #0 #624 // Waukeen's Promenade Store: v2.9
~PLANARSPHEREMOD/SETUP-PLANARSPHEREMOD.TP2~ #0 #625 // Planar Sphere Return v2: v2.9
~ALORA/ALORA.TP2~ #3 #0 // Alora PNJ de Chosen of Mystra: 2.1
~YESLICKNPC/YESLICKNPC.TP2~ #0 #1 // Yeslick NPC for BGII: SoA & ToB -> Yeslick is a Fighter-Alaghor of Clangeddin (cleric kit): v5.1
~THEUNDYING/SETUP-THEUNDYING.TP2~ #2 #0 //  "The Undying" Mod : 
~THEUNDYING/SETUP-THEUNDYING.TP2~ #2 #3 // Harder Enemies: 
~JOSTERNOMORE/SETUP-JOSTERNOMORE.TP2~ #0 #0 //  "JOsterNoMore"  -> Installer "JOsterNoMore" version complete: 1.0
~LOUPGRIS/LOUPGRIS.TP2~ #0 #8 // Loupgris -> Vilain : Pas besoin d'être de dos ou invisible pour être un traître sournois: 
~LOUPGRIS/LOUPGRIS.TP2~ #0 #7 // Sournoises DD3.5 -> Aucun délai entre les attaques sournoises: 
~SBS/SBS.TP2~ #2 #2 // Summon Bhaalspawn (Sandra NPC) -> Installer le portrait de la Paladine rouquine (Auteur inconnu): 4
~SBS/SBS.TP2~ #2 #6 // Summon Bhaalspawn pour ToB: 4
~BHMOD01/SETUP-BHMOD01.TP2~ #0 #0 // Installation des objets: Alpha0001
~BHMOD01/SETUP-BHMOD01.TP2~ #0 #1 // Installation des sorts: Alpha0001
~BHMOD01/SETUP-BHMOD01.TP2~ #0 #13 // Installation des scripts -> Les objets sont automatiquement ajoutes a l'inventaire de Charname: Alpha0001
~THEMED_TWEAKS/THEMED_TWEAKS.TP2~ #1 #60 // SoD - Donner a Imoen une baguette speciale lors de l'attaque du palais: v0.4
~THEMED_TWEAKS/THEMED_TWEAKS.TP2~ #1 #70 // SoD - Permettre au PC de porter secours a Imoen apres l'attaque du palais: v0.4
~THEMED_TWEAKS/THEMED_TWEAKS.TP2~ #1 #80 // SoD - Observations basees sur les statistiques et options de quete: v0.4
~THEMED_TWEAKS/THEMED_TWEAKS.TP2~ #1 #90 // SoD - Eviter le tour de la ville avec Corwin Schael: v0.4
~THEMED_TWEAKS/THEMED_TWEAKS.TP2~ #1 #100 // SoD - Quete : Peripeties au Pont de la Voie Cotiere: v0.4
~THEMED_TWEAKS/THEMED_TWEAKS.TP2~ #1 #140 // SoD/BG2EE - Ajoutez un peu de mordant aux dialogues: v0.4
~THEMED_TWEAKS/THEMED_TWEAKS.TP2~ #1 #150 // SoD/BG2EE - Supprimer les scenes coupees auxquelles le PC ne devrait pas avoir acces: v0.4
~THEMED_TWEAKS/THEMED_TWEAKS.TP2~ #1 #160 // SoD/BG2EE - Deplacer les reves avec Irenicus de SoD a BG2EE: v0.4
~THEMED_TWEAKS/THEMED_TWEAKS.TP2~ #1 #180 // BG2EE - Donner a Imoen la capacite innee, projectiles magiques, pour la scene de la Promenade de Waukyne.: v0.4
~THEMED_TWEAKS/THEMED_TWEAKS.TP2~ #1 #200 // BG2EE - Utiliser la cinematique d'Irenicus en enfer comme un reve qui restaure vos pouvoirs d'enfant de Bhaal.: v0.4
~THEMED_TWEAKS/THEMED_TWEAKS.TP2~ #1 #10 // BG1EE/BG2EE - Donner des raisons valables aux joueurs d'alignement bon de rentrer dans les maisons.: v0.4
~THEMED_TWEAKS/THEMED_TWEAKS.TP2~ #1 #27 // BG1EE - Permettre a la quete de Rasaad d'etre completee avant le chapitre 5: v0.4
~THEMED_TWEAKS/THEMED_TWEAKS.TP2~ #1 #40 // BG1EE - Permettre a Dorn de rejoindre un groupe de personnage bon afin d'accomplir sa quete de vengeance.: v0.4
~THEMED_TWEAKS/THEMED_TWEAKS.TP2~ #1 #20 // BG1EE/SoD/BG2EE - Corriger les scenes coupees qui reorganisent le groupe: v0.4
~THEMED_TWEAKS/THEMED_TWEAKS.TP2~ #1 #25 // BG1EE/SoD/BG2EE - Veiller a ce que les articles uniques restent uniques: v0.4
~THEMED_TWEAKS/THEMED_TWEAKS.TP2~ #1 #30 // BG1EE - Ajouter Caelar essaye de recruter le PC apres les mines de Nashkel et la fin de ToSC.: v0.4
~THEMED_TWEAKS/THEMED_TWEAKS.TP2~ #1 #50 // BG1EE/SoD - Suppression de references erratiques se rapportant a la condition d'enfant de Bhaal du PC.: v0.4
~JOINING_PARTY_SELECT/JOINING_PARTY_SELECT.TP2~ #0 #10 // Continuous original NPCs (Imoen, Edwin, Jaheira, Minsc, Viconia, Dorn, Neera, Rasaad): 
~JOINING_PARTY_SELECT/JOINING_PARTY_SELECT.TP2~ #0 #30 // Original bg1 NPCs (Ajantis, Alora, Branwen, Dynaheir, Eldoth, Faldorn, Garrick, Kagain, Khalid, Kivan, Montaron, Quayle, Safana, Sharteel, Skie, Tiax, Xan, Xzar,  Yeslick, Baeloth): 
~JOINING_PARTY_SELECT/JOINING_PARTY_SELECT.TP2~ #0 #60 // Original NPCs for Sod (Voghiln, Corwin, Mkhiin, Glint): 
~JOINING_PARTY_SELECT/JOINING_PARTY_SELECT.TP2~ #0 #70 // Original bg2 NPCs (Anomen, Aerie, Cernd, Haerdalis, Hexxat, Jan, Keldorn, Korgan, Mazzy, Nalia, Sarevok, Valygar, Wilson, Yoshimo): 
~JOINING_PARTY_SELECT/JOINING_PARTY_SELECT.TP2~ #0 #100 // Ishlilka: 
~JOINING_PARTY_SELECT/JOINING_PARTY_SELECT.TP2~ #0 #101 // Alora BG2: 
~JOINING_PARTY_SELECT/JOINING_PARTY_SELECT.TP2~ #0 #102 // Yeslick BG2: 
~JOINING_PARTY_SELECT/JOINING_PARTY_SELECT.TP2~ #0 #103 // Sandra: 
~JOINING_PARTY_SELECT/JOINING_PARTY_SELECT.TP2~ #0 #104 // Nikita: 
~JOINING_PARTY_SELECT/JOINING_PARTY_SELECT.TP2~ #0 #105 // Kim: 
~JOINING_PARTY_SELECT/JOINING_PARTY_SELECT.TP2~ #0 #106 // Miriam: 
~JOINING_PARTY_SELECT/JOINING_PARTY_SELECT.TP2~ #0 #0 // All-Out: 
~SUBRACE/SUBRACE.TP2~ #2 #200 // Mod Subrace ( sous-race ) pour Baldur's Gate Enhanced Edition (BG1, BG:SoD, BG2, EET) -> Ne pas changer les couleurs de la sous-race (Cheveux et Peau): 0.3.2
~EET_END/EET_END.TP2~ #3 #0 // EET end (dernier mod dans l'ordre d'installation) -> Installation standard
~INFINITYSOUNDS/INFINITYSOUNDS.TP2~ #1 #100 // Restaurer les voix d'incantation de BG1: v2.2
~INFINITYSOUNDS/INFINITYSOUNDS.TP2~ #1 #110 // Restaurer les sons d'incantation de BG1: v2.2
~INFINITYSOUNDS/INFINITYSOUNDS.TP2~ #1 #120 // Restaurer les sons d'armes de BG1: v2.2
~INFINITYSOUNDS/INFINITYSOUNDS.TP2~ #1 #130 // Restaurer les sons d'armures de BG1: v2.2
~INFINITYSOUNDS/INFINITYSOUNDS.TP2~ #1 #170 // Restaurer le son de mort eclatee: v2.2
~INFINITYSOUNDS/INFINITYSOUNDS.TP2~ #1 #180 // Ajuster le volume des canaux sonores: v2.2
~INFINITYSOUNDS/INFINITYSOUNDS.TP2~ #1 #189 // Activer les bruits de pas en combat: v2.2
~INFINITYSOUNDS/INFINITYSOUNDS.TP2~ #1 #210 // Restaurer les sons d'ambiance de BG1: v2.2
~INFINITYSOUNDS/INFINITYSOUNDS.TP2~ #1 #221 // Ameliorer l'audio positionnel: v2.2
~INFINITYSOUNDS/INFINITYSOUNDS.TP2~ #1 #230 // Restaurer et ajuster les ensembles vocaux: v2.2
~INFINITYSOUNDS/INFINITYSOUNDS.TP2~ #1 #240 // Plus de sons d'existence: v2.2
~INFINITYSOUNDS/INFINITYSOUNDS.TP2~ #1 #250 // Ajuster le delai des sons d'existence: v2.2
~INFINITYSOUNDS/INFINITYSOUNDS.TP2~ #1 #265 // Restaurer les doublages des PNJ: v2.2
~CLUAFR/SETUP-CLUAFR.TP2~ #0 #13 //  "AREAS CHEATS" pour les cartes du jeu original  -> Voulez-vous acceder a toutes les cartes du jeu ainsi qu'aux extensions pendant la campagne principale ?: 1.2
~CLUAFR/SETUP-CLUAFR.TP2~ #0 #11 //  "AREAS CHEATS" pour les cartes ajoutees par des mods : 1.2
~TIPUN_GUI/TIPUN_GUI.TP2~ #2 #20 // Tipun's User Interface (create data tables): v2.1.3
~BP-BGT-WORLDMAP/SETUP-BP-BGT-WORLDMAP.TP2~ #5 #0 // Carte du monde pour Baldur's Gate - icones de carte en couleurs pour Baldur's Gate incluses: v13.1.1
~BP-BGT-WORLDMAP/SETUP-BP-BGT-WORLDMAP.TP2~ #5 #5 // Larger worldmap screen window for the worldmap menu.ui -> Dragonspear style: v13.1.1
