~EEFIXPACK/SETUP-EEFIXPACK.TP2~ #3 #0 // Correctifs principaux: Alpha 2
~CORRECTFRBG1EE/CORRECTFRBG1EE.TP2~ #0 #10 // Correction de la traduction de Baldur's Gate : Enhanced Edition: 0.10
~CORRECTFRBG1EE/CORRECTFRBG1EE.TP2~ #0 #20 // Patch audio francais: 0.10
~CORRECTFRBG1EE/CORRECTFRBG1EE.TP2~ #0 #50 // Restauration des cinematiques classiques: 0.10
~SOA/SETUP-SOA.TP2~ #1 #0 // The Stone of Askavar pour TotSC/Tutu/BGT/BGEE -> Version par defaut : zones reliees par des declencheurs de voyage: 2.6
~DRIZZTSAGA/DRIZZTSAGA.TP2~ #1 #0 // The Drizzt Saga pour BGEE / Tutu / BGT -> Version par defaut : zones connectees par des declencheurs de voyage: pre-v4.00
~DRIZZTSAGA/DRIZZTSAGA.TP2~ #1 #3 // Debut repousse : Drizzt revient apres la Tour de Durlag: pre-v4.00
~BG1UB/BG1UB.TP2~ #3 #0 // Restitution du deuxieme niveau de l'Ile de Glace: v17
~BG1UB/BG1UB.TP2~ #3 #11 // Scar et la fille des Sashenstar: v17
~BG1UB/BG1UB.TP2~ #3 #12 // Quoningar le Clerc: v17
~BG1UB/BG1UB.TP2~ #3 #13 // Shilo Chen et les Ogres-mages: v17
~BG1UB/BG1UB.TP2~ #3 #14 // Edie, la postulante de la Ligue des Marchands: v17
~BG1UB/BG1UB.TP2~ #3 #16 // Corrections de creatures: v17
~BG1UB/BG1UB.TP2~ #3 #17 // Restitutions de creatures: v17
~BG1UB/BG1UB.TP2~ #3 #18 // Restitutions de noms de creatures: v17
~BG1UB/BG1UB.TP2~ #3 #19 // Restitutions mineures de dialogues: v17
~BG1UB/BG1UB.TP2~ #3 #21 // Reparations et restitutions de magasins, tavernes et auberges: v17
~BG1UB/BG1UB.TP2~ #3 #22 // Corrections et restitutions d'objets: v17
~BG1UB/BG1UB.TP2~ #3 #29 // Le Duc Eltan dans la batisse du Maitre du Port: v17
~BG1UB/BG1UB.TP2~ #3 #30 // Rencontre de Nim Furlwing: v17
~BG1UB/BG1UB.TP2~ #3 #32 // Svlast, la rencontre du Paladin dechu: v17
~BG1UB/BG1UB.TP2~ #3 #33 // Mal-Kalen, le fantome d'Ulcaster: v17
~BG1UB/BG1UB.TP2~ #3 #34 // Restitutions de dialogues du chapitre 6: v17
